  [1m[36m (25.5ms)[0m  [1mCREATE TABLE "schema_migrations" ("version" varchar NOT NULL) [0m
  [1m[35m (0.1ms)[0m  select sqlite_version(*)
  [1m[36m (6.4ms)[0m  [1mCREATE UNIQUE INDEX "unique_schema_migrations" ON "schema_migrations" ("version")[0m
  [1m[35mActiveRecord::SchemaMigration Load (0.1ms)[0m  SELECT "schema_migrations".* FROM "schema_migrations"
Migrating to CreateMovies (20161017123717)
  [1m[36m (0.1ms)[0m  [1mbegin transaction[0m
  [1m[35m (0.4ms)[0m  CREATE TABLE "movies" ("id" INTEGER PRIMARY KEY AUTOINCREMENT NOT NULL, "title" varchar, "image" varchar, "release_year" varchar, "plot" varchar, "created_at" datetime NOT NULL, "updated_at" datetime NOT NULL) 
  [1m[36mSQL (0.2ms)[0m  [1mINSERT INTO "schema_migrations" ("version") VALUES (?)[0m  [["version", "20161017123717"]]
  [1m[35m (5.7ms)[0m  commit transaction
Migrating to CreateActors (20161017123742)
  [1m[36m (0.1ms)[0m  [1mbegin transaction[0m
  [1m[35m (0.6ms)[0m  CREATE TABLE "actors" ("id" INTEGER PRIMARY KEY AUTOINCREMENT NOT NULL, "first_name" varchar, "last_name" varchar, "image" varchar, "bio" varchar, "created_at" datetime NOT NULL, "updated_at" datetime NOT NULL) 
  [1m[36mSQL (0.8ms)[0m  [1mINSERT INTO "schema_migrations" ("version") VALUES (?)[0m  [["version", "20161017123742"]]
  [1m[35m (6.8ms)[0m  commit transaction
Migrating to CreateParts (20161017123755)
  [1m[36m (0.1ms)[0m  [1mbegin transaction[0m
  [1m[35m (0.3ms)[0m  CREATE TABLE "parts" ("id" INTEGER PRIMARY KEY AUTOINCREMENT NOT NULL, "movie_id" integer, "actor_id" integer, "created_at" datetime NOT NULL, "updated_at" datetime NOT NULL) 
  [1m[36m (0.1ms)[0m  [1mCREATE  INDEX "index_parts_on_movie_id" ON "parts" ("movie_id")[0m
  [1m[35m (0.1ms)[0m              SELECT sql
            FROM sqlite_master
            WHERE name='index_parts_on_movie_id' AND type='index'
            UNION ALL
            SELECT sql
            FROM sqlite_temp_master
            WHERE name='index_parts_on_movie_id' AND type='index'

  [1m[36m (0.1ms)[0m  [1mCREATE  INDEX "index_parts_on_actor_id" ON "parts" ("actor_id")[0m
  [1m[35mSQL (0.1ms)[0m  INSERT INTO "schema_migrations" ("version") VALUES (?)  [["version", "20161017123755"]]
  [1m[36m (12.7ms)[0m  [1mcommit transaction[0m
  [1m[35mActiveRecord::SchemaMigration Load (0.1ms)[0m  SELECT "schema_migrations".* FROM "schema_migrations"
  [1m[36m (0.1ms)[0m  [1m            SELECT sql
            FROM sqlite_master
            WHERE name='index_parts_on_actor_id' AND type='index'
            UNION ALL
            SELECT sql
            FROM sqlite_temp_master
            WHERE name='index_parts_on_actor_id' AND type='index'
[0m
  [1m[35m (0.1ms)[0m              SELECT sql
            FROM sqlite_master
            WHERE name='index_parts_on_movie_id' AND type='index'
            UNION ALL
            SELECT sql
            FROM sqlite_temp_master
            WHERE name='index_parts_on_movie_id' AND type='index'

  [1m[36mActiveRecord::SchemaMigration Load (0.2ms)[0m  [1mSELECT "schema_migrations".* FROM "schema_migrations"[0m
  [1m[35m (0.1ms)[0m  begin transaction
  [1m[36mSQL (0.3ms)[0m  [1mINSERT INTO "actors" ("first_name", "last_name", "image", "bio", "created_at", "updated_at") VALUES (?, ?, ?, ?, ?, ?)[0m  [["first_name", "George"], ["last_name", "Clooney"], ["image", "http://s3.amazonaws.com/codecademy-content/courses/learn-rails/img/george-clooney.jpg"], ["bio", "George Timothy Clooney is an American actor, writer, producer, director, and activist. He has received three Golden Globe Awards for his ..."], ["created_at", "2016-10-17 13:06:33.284971"], ["updated_at", "2016-10-17 13:06:33.284971"]]
  [1m[35m (20.5ms)[0m  commit transaction
  [1m[36m (0.1ms)[0m  [1mbegin transaction[0m
  [1m[35mSQL (0.5ms)[0m  INSERT INTO "actors" ("first_name", "last_name", "image", "bio", "created_at", "updated_at") VALUES (?, ?, ?, ?, ?, ?)  [["first_name", "Matt"], ["last_name", "Damon"], ["image", "http://s3.amazonaws.com/codecademy-content/courses/learn-rails/img/matt-damon.jpg"], ["bio", "Matthew Paige \"Matt\" Damon is an American actor, voice actor, screenwriter, producer, and philanthropist."], ["created_at", "2016-10-17 13:06:33.309522"], ["updated_at", "2016-10-17 13:06:33.309522"]]
  [1m[36m (5.0ms)[0m  [1mcommit transaction[0m
  [1m[35m (0.1ms)[0m  begin transaction
  [1m[36mSQL (0.2ms)[0m  [1mINSERT INTO "actors" ("first_name", "last_name", "image", "bio", "created_at", "updated_at") VALUES (?, ?, ?, ?, ?, ?)[0m  [["first_name", "Brad"], ["last_name", "Pitt"], ["image", "http://s3.amazonaws.com/codecademy-content/courses/learn-rails/img/brad-pitt.jpg"], ["bio", "William Bradley \"Brad\" Pitt is an American actor and producer. He has received a Golden Globe Award, a Screen Actors Guild Award, and thr..."], ["created_at", "2016-10-17 13:06:33.317482"], ["updated_at", "2016-10-17 13:06:33.317482"]]
  [1m[35m (3.9ms)[0m  commit transaction
  [1m[36m (0.1ms)[0m  [1mbegin transaction[0m
  [1m[35mSQL (0.5ms)[0m  INSERT INTO "actors" ("first_name", "last_name", "image", "bio", "created_at", "updated_at") VALUES (?, ?, ?, ?, ?, ?)  [["first_name", "Elliot"], ["last_name", "Gould"], ["image", "http://s3.amazonaws.com/codecademy-content/courses/learn-rails/img/elliot-gould.jpg"], ["bio", "Elliott Gould is an American actor. He began acting in Hollywood films during the 1960s, and has remained prolific ever since. "], ["created_at", "2016-10-17 13:06:33.323251"], ["updated_at", "2016-10-17 13:06:33.323251"]]
  [1m[36m (7.4ms)[0m  [1mcommit transaction[0m
  [1m[35m (0.1ms)[0m  begin transaction
  [1m[36mSQL (0.2ms)[0m  [1mINSERT INTO "actors" ("first_name", "last_name", "image", "bio", "created_at", "updated_at") VALUES (?, ?, ?, ?, ?, ?)[0m  [["first_name", "Julia"], ["last_name", "Roberts"], ["image", "http://s3.amazonaws.com/codecademy-content/courses/learn-rails/img/julia-roberts.jpg"], ["bio", "Julia Fiona Roberts is an American actress and producer. She became a Hollywood star after headlining the romantic comedy Pretty Woman, w..."], ["created_at", "2016-10-17 13:06:33.333283"], ["updated_at", "2016-10-17 13:06:33.333283"]]
  [1m[35m (4.2ms)[0m  commit transaction
  [1m[36m (0.1ms)[0m  [1mbegin transaction[0m
  [1m[35mSQL (0.2ms)[0m  INSERT INTO "actors" ("first_name", "last_name", "image", "bio", "created_at", "updated_at") VALUES (?, ?, ?, ?, ?, ?)  [["first_name", "Mark"], ["last_name", "Wahlberg"], ["image", "http://s3.amazonaws.com/codecademy-content/courses/learn-rails/img/mark-wahlberg.jpg"], ["bio", "Mark Robert Michael Wahlberg is an American actor, producer, model, and former rapper. He was known as Marky Mark in his earlier years, b..."], ["created_at", "2016-10-17 13:06:33.339706"], ["updated_at", "2016-10-17 13:06:33.339706"]]
  [1m[36m (5.2ms)[0m  [1mcommit transaction[0m
  [1m[35m (0.1ms)[0m  begin transaction
  [1m[36mSQL (0.2ms)[0m  [1mINSERT INTO "actors" ("first_name", "last_name", "image", "bio", "created_at", "updated_at") VALUES (?, ?, ?, ?, ?, ?)[0m  [["first_name", "Marion"], ["last_name", "Cotillard"], ["image", "http://s3.amazonaws.com/codecademy-content/courses/learn-rails/img/marion-cotillard.jpg"], ["bio", "Marion Cotillard is a French actress, singer, songwriter, environmentalist and spokesperson for Greenpeace."], ["created_at", "2016-10-17 13:06:33.349384"], ["updated_at", "2016-10-17 13:06:33.349384"]]
  [1m[35m (6.4ms)[0m  commit transaction
  [1m[36m (0.1ms)[0m  [1mbegin transaction[0m
  [1m[35mSQL (0.2ms)[0m  INSERT INTO "actors" ("first_name", "last_name", "image", "bio", "created_at", "updated_at") VALUES (?, ?, ?, ?, ?, ?)  [["first_name", "Laurence"], ["last_name", "Fishburne"], ["image", "http://s3.amazonaws.com/codecademy-content/courses/learn-rails/img/laurence-fishburne.jpg"], ["bio", "Laurence John Fishburne III is an American actor, playwright, director, and producer. He is best known for his roles as Morpheus in the M..."], ["created_at", "2016-10-17 13:06:33.363407"], ["updated_at", "2016-10-17 13:06:33.363407"]]
  [1m[36m (4.3ms)[0m  [1mcommit transaction[0m
  [1m[35m (0.1ms)[0m  begin transaction
  [1m[36mSQL (0.2ms)[0m  [1mINSERT INTO "actors" ("first_name", "last_name", "image", "bio", "created_at", "updated_at") VALUES (?, ?, ?, ?, ?, ?)[0m  [["first_name", "Jude"], ["last_name", "Law"], ["image", "http://s3.amazonaws.com/codecademy-content/courses/learn-rails/img/jude-law.jpg"], ["bio", "David Jude Heyworth Law, known professionally as Jude Law, is an English actor, film producer and director. He began acting with the Nati..."], ["created_at", "2016-10-17 13:06:33.369722"], ["updated_at", "2016-10-17 13:06:33.369722"]]
  [1m[35m (5.2ms)[0m  commit transaction
  [1m[36m (0.1ms)[0m  [1mbegin transaction[0m
  [1m[35mSQL (0.4ms)[0m  INSERT INTO "actors" ("first_name", "last_name", "image", "bio", "created_at", "updated_at") VALUES (?, ?, ?, ?, ?, ?)  [["first_name", "Gwyneth"], ["last_name", "Paltrow"], ["image", "http://s3.amazonaws.com/codecademy-content/courses/learn-rails/img/gwyneth-paltrow.jpg"], ["bio", "Gwyneth Kate Paltrow is an American actress, singer, and food writer. Paltrow gained early notice for her work in films such as the psych..."], ["created_at", "2016-10-17 13:06:33.377398"], ["updated_at", "2016-10-17 13:06:33.377398"]]
  [1m[36m (5.7ms)[0m  [1mcommit transaction[0m
  [1m[35m (0.1ms)[0m  begin transaction
  [1m[36mSQL (0.2ms)[0m  [1mINSERT INTO "actors" ("first_name", "last_name", "image", "bio", "created_at", "updated_at") VALUES (?, ?, ?, ?, ?, ?)[0m  [["first_name", "Kate"], ["last_name", "Winslet"], ["image", "http://s3.amazonaws.com/codecademy-content/courses/learn-rails/img/kate-winslet.jpg"], ["bio", "Kate Elizabeth Winslet, CBE, is an English actress and singer. She is the recipient of an Academy Award, an Emmy Award, three Golden Glob..."], ["created_at", "2016-10-17 13:06:33.386157"], ["updated_at", "2016-10-17 13:06:33.386157"]]
  [1m[35m (4.3ms)[0m  commit transaction
  [1m[36m (0.1ms)[0m  [1mbegin transaction[0m
  [1m[35mSQL (0.2ms)[0m  INSERT INTO "actors" ("first_name", "last_name", "image", "bio", "created_at", "updated_at") VALUES (?, ?, ?, ?, ?, ?)  [["first_name", "Bryan"], ["last_name", "Cranston"], ["image", "http://s3.amazonaws.com/codecademy-content/courses/learn-rails/img/bryan-cranston.jpg"], ["bio", "Bryan Lee Cranston is an American actor, voice actor, screenwriter, director and producer. Cranston is best known for portraying Walter W..."], ["created_at", "2016-10-17 13:06:33.392600"], ["updated_at", "2016-10-17 13:06:33.392600"]]
  [1m[36m (6.1ms)[0m  [1mcommit transaction[0m
  [1m[35m (0.3ms)[0m  begin transaction
  [1m[36mSQL (0.2ms)[0m  [1mINSERT INTO "actors" ("first_name", "last_name", "image", "bio", "created_at", "updated_at") VALUES (?, ?, ?, ?, ?, ?)[0m  [["first_name", "Leonardo"], ["last_name", "DiCaprio"], ["image", "http://s3.amazonaws.com/codecademy-content/courses/learn-rails/img/leonardo-dicaprio.jpg"], ["bio", "Leonardo Wilhelm DiCaprio is an American actor and film producer. He has been nominated for ten Golden Globe Awards, winning two, and fo..."], ["created_at", "2016-10-17 13:06:33.402055"], ["updated_at", "2016-10-17 13:06:33.402055"]]
  [1m[35m (5.2ms)[0m  commit transaction
  [1m[36m (0.1ms)[0m  [1mbegin transaction[0m
  [1m[35mSQL (0.2ms)[0m  INSERT INTO "actors" ("first_name", "last_name", "image", "bio", "created_at", "updated_at") VALUES (?, ?, ?, ?, ?, ?)  [["first_name", "Jack"], ["last_name", "Nicholson"], ["image", "http://s3.amazonaws.com/codecademy-content/courses/learn-rails/img/jack-nicholson.jpg"], ["bio", "John Joseph \"Jack\" Nicholson is an American actor, film director, producer, and writer. Throughout his career, Nicholson has portrayed un..."], ["created_at", "2016-10-17 13:06:33.409523"], ["updated_at", "2016-10-17 13:06:33.409523"]]
  [1m[36m (5.1ms)[0m  [1mcommit transaction[0m
  [1m[35m (0.1ms)[0m  begin transaction
  [1m[36mSQL (0.2ms)[0m  [1mINSERT INTO "actors" ("first_name", "last_name", "image", "bio", "created_at", "updated_at") VALUES (?, ?, ?, ?, ?, ?)[0m  [["first_name", "Joseph"], ["last_name", "Gordon-Levitt"], ["image", "http://s3.amazonaws.com/codecademy-content/courses/learn-rails/img/joseph-gordon-levitt.jpg"], ["bio", "Joseph Leonard Gordon-Levitt is an American actor and filmmaker. As a child star, he appeared in the films A River Runs Through It, Angel..."], ["created_at", "2016-10-17 13:06:33.417955"], ["updated_at", "2016-10-17 13:06:33.417955"]]
  [1m[35m (3.7ms)[0m  commit transaction
  [1m[36m (0.1ms)[0m  [1mbegin transaction[0m
  [1m[35mSQL (0.2ms)[0m  INSERT INTO "actors" ("first_name", "last_name", "image", "bio", "created_at", "updated_at") VALUES (?, ?, ?, ?, ?, ?)  [["first_name", "Tom"], ["last_name", "Hardy"], ["image", "http://s3.amazonaws.com/codecademy-content/courses/learn-rails/img/tom-hardy.jpg"], ["bio", "Edward Thomas \"Tom\" Hardy is an English actor. Hardy's notable film roles include the science fiction film Star Trek: Nemesis, the Guy Ri..."], ["created_at", "2016-10-17 13:06:33.424176"], ["updated_at", "2016-10-17 13:06:33.424176"]]
  [1m[36m (7.0ms)[0m  [1mcommit transaction[0m
  [1m[35m (0.1ms)[0m  begin transaction
  [1m[36mSQL (0.2ms)[0m  [1mINSERT INTO "actors" ("first_name", "last_name", "image", "bio", "created_at", "updated_at") VALUES (?, ?, ?, ?, ?, ?)[0m  [["first_name", "Cillian"], ["last_name", "Murphy"], ["image", "http://s3.amazonaws.com/codecademy-content/courses/learn-rails/img/cillian-murphy.jpg"], ["bio", "Cillian Murphy is an Irish actor of stage and screen. Since making his debut in his home country in the late 1990s, Murphy has also becom..."], ["created_at", "2016-10-17 13:06:33.433485"], ["updated_at", "2016-10-17 13:06:33.433485"]]
  [1m[35m (3.7ms)[0m  commit transaction
  [1m[36m (0.1ms)[0m  [1mbegin transaction[0m
  [1m[35mSQL (0.2ms)[0m  INSERT INTO "actors" ("first_name", "last_name", "image", "bio", "created_at", "updated_at") VALUES (?, ?, ?, ?, ?, ?)  [["first_name", "Christian"], ["last_name", "Bale"], ["image", "http://s3.amazonaws.com/codecademy-content/courses/learn-rails/img/christian-bale.jpg"], ["bio", "Christian Charles Philip Bale is an English actor. He has starred in both blockbuster films and smaller projects from independent produce..."], ["created_at", "2016-10-17 13:06:33.439225"], ["updated_at", "2016-10-17 13:06:33.439225"]]
  [1m[36m (4.3ms)[0m  [1mcommit transaction[0m
  [1m[35m (0.1ms)[0m  begin transaction
  [1m[36mSQL (0.3ms)[0m  [1mINSERT INTO "actors" ("first_name", "last_name", "image", "bio", "created_at", "updated_at") VALUES (?, ?, ?, ?, ?, ?)[0m  [["first_name", "Morgan"], ["last_name", "Freeman"], ["image", "http://s3.amazonaws.com/codecademy-content/courses/learn-rails/img/morgan-freeman.jpg"], ["bio", "Morgan Freeman is an American actor, film director, and narrator. Freeman has received Academy Award nominations for his performances in ..."], ["created_at", "2016-10-17 13:06:33.445424"], ["updated_at", "2016-10-17 13:06:33.445424"]]
  [1m[35m (5.8ms)[0m  commit transaction
  [1m[36m (0.1ms)[0m  [1mbegin transaction[0m
  [1m[35mSQL (0.2ms)[0m  INSERT INTO "actors" ("first_name", "last_name", "image", "bio", "created_at", "updated_at") VALUES (?, ?, ?, ?, ?, ?)  [["first_name", "Robert"], ["last_name", "Downey Jr."], ["image", "http://s3.amazonaws.com/codecademy-content/courses/learn-rails/img/rdj.jpg"], ["bio", "Robert John Downey Jr. is an American actor, producer, and singer. Making his screen debut at the age of five, appearing in his father Ro..."], ["created_at", "2016-10-17 13:06:33.454162"], ["updated_at", "2016-10-17 13:06:33.454162"]]
  [1m[36m (4.2ms)[0m  [1mcommit transaction[0m
  [1m[35m (0.1ms)[0m  begin transaction
  [1m[36mSQL (0.2ms)[0m  [1mINSERT INTO "actors" ("first_name", "last_name", "image", "bio", "created_at", "updated_at") VALUES (?, ?, ?, ?, ?, ?)[0m  [["first_name", "Terrence"], ["last_name", "Howard"], ["image", "http://s3.amazonaws.com/codecademy-content/courses/learn-rails/img/terrence-howard.jpg"], ["bio", "Terrence Dashon Howard is an American actor and singer. Having his first major role in the 1995 film Dead Presidents, and Mr. Holland's O..."], ["created_at", "2016-10-17 13:06:33.460141"], ["updated_at", "2016-10-17 13:06:33.460141"]]
  [1m[35m (5.5ms)[0m  commit transaction
  [1m[36m (0.1ms)[0m  [1mbegin transaction[0m
  [1m[35mSQL (0.2ms)[0m  INSERT INTO "actors" ("first_name", "last_name", "image", "bio", "created_at", "updated_at") VALUES (?, ?, ?, ?, ?, ?)  [["first_name", "Jeff"], ["last_name", "Bridges"], ["image", "http://s3.amazonaws.com/codecademy-content/courses/learn-rails/img/jeff-bridges.jpg"], ["bio", "Jeffrey Leon \"Jeff\" Bridges is an American actor, country musician, and producer. He comes from a well-known acting family and began his ..."], ["created_at", "2016-10-17 13:06:33.467693"], ["updated_at", "2016-10-17 13:06:33.467693"]]
  [1m[36m (5.5ms)[0m  [1mcommit transaction[0m
  [1m[35m (0.1ms)[0m  begin transaction
  [1m[36mSQL (0.2ms)[0m  [1mINSERT INTO "actors" ("first_name", "last_name", "image", "bio", "created_at", "updated_at") VALUES (?, ?, ?, ?, ?, ?)[0m  [["first_name", "Rachel"], ["last_name", "McAdams"], ["image", "http://s3.amazonaws.com/codecademy-content/courses/learn-rails/img/rachel-mcadams.jpg"], ["bio", "Rachel Anne McAdams is a Canadian actress. After graduating from a four-year theatre program at York University in 2001, she initially wo..."], ["created_at", "2016-10-17 13:06:33.475287"], ["updated_at", "2016-10-17 13:06:33.475287"]]
  [1m[35m (5.5ms)[0m  commit transaction
  [1m[36m (0.1ms)[0m  [1mbegin transaction[0m
  [1m[35mSQL (0.2ms)[0m  INSERT INTO "actors" ("first_name", "last_name", "image", "bio", "created_at", "updated_at") VALUES (?, ?, ?, ?, ?, ?)  [["first_name", "Mark"], ["last_name", "Strong"], ["image", "http://s3.amazonaws.com/codecademy-content/courses/learn-rails/img/mark-strong.jpg"], ["bio", "Mark Strong is an English film and television actor. He is best known for his role in the television series Our Friends in the North and ..."], ["created_at", "2016-10-17 13:06:33.482973"], ["updated_at", "2016-10-17 13:06:33.482973"]]
  [1m[36m (4.0ms)[0m  [1mcommit transaction[0m
  [1m[35m (0.1ms)[0m  begin transaction
  [1m[36mSQL (0.2ms)[0m  [1mINSERT INTO "actors" ("first_name", "last_name", "image", "bio", "created_at", "updated_at") VALUES (?, ?, ?, ?, ?, ?)[0m  [["first_name", "Diane"], ["last_name", "Lane"], ["image", "http://s3.amazonaws.com/codecademy-content/courses/learn-rails/img/diane-lane.jpg"], ["bio", "Diane Lane is an American actress. Born and raised in New York City, Lane made her screen debut in George Roy Hill's 1979 film A Little R..."], ["created_at", "2016-10-17 13:06:33.489212"], ["updated_at", "2016-10-17 13:06:33.489212"]]
  [1m[35m (5.8ms)[0m  commit transaction
  [1m[36m (0.1ms)[0m  [1mbegin transaction[0m
  [1m[35mSQL (0.2ms)[0m  INSERT INTO "actors" ("first_name", "last_name", "image", "bio", "created_at", "updated_at") VALUES (?, ?, ?, ?, ?, ?)  [["first_name", "Ellen"], ["last_name", "Page"], ["image", "http://s3.amazonaws.com/codecademy-content/courses/learn-rails/img/ellen-page.jpg"], ["bio", "Ellen Philpotts-Page, known professionally as Ellen Page, is a Canadian actress. She started her career in Canada with roles in the telev..."], ["created_at", "2016-10-17 13:06:33.497450"], ["updated_at", "2016-10-17 13:06:33.497450"]]
  [1m[36m (6.7ms)[0m  [1mcommit transaction[0m
  [1m[35m (0.1ms)[0m  begin transaction
  [1m[36mSQL (0.2ms)[0m  [1mINSERT INTO "actors" ("first_name", "last_name", "image", "bio", "created_at", "updated_at") VALUES (?, ?, ?, ?, ?, ?)[0m  [["first_name", "Anne"], ["last_name", "Hathaway"], ["image", "http://s3.amazonaws.com/codecademy-content/courses/learn-rails/img/anne-hathaway.jpg"], ["bio", "Anne Jacqueline Hathaway is an American actress, singer, and producer. After several stage roles, she appeared in the 1999 television ser..."], ["created_at", "2016-10-17 13:06:33.506543"], ["updated_at", "2016-10-17 13:06:33.506543"]]
  [1m[35m (4.6ms)[0m  commit transaction
  [1m[36m (0.1ms)[0m  [1mbegin transaction[0m
  [1m[35mSQL (0.3ms)[0m  INSERT INTO "actors" ("first_name", "last_name", "image", "bio", "created_at", "updated_at") VALUES (?, ?, ?, ?, ?, ?)  [["first_name", "Michael"], ["last_name", "Caine"], ["image", "http://s3.amazonaws.com/codecademy-content/courses/learn-rails/img/michael-caine.jpg"], ["bio", "Sir Michael Caine, CBE is an English actor and author. Renowned for his distinctive Cockney accent, Caine has appeared in over 115 films ..."], ["created_at", "2016-10-17 13:06:33.514080"], ["updated_at", "2016-10-17 13:06:33.514080"]]
  [1m[36m (4.9ms)[0m  [1mcommit transaction[0m
  [1m[35m (0.1ms)[0m  begin transaction
  [1m[36mSQL (0.2ms)[0m  [1mINSERT INTO "actors" ("first_name", "last_name", "image", "bio", "created_at", "updated_at") VALUES (?, ?, ?, ?, ?, ?)[0m  [["first_name", "Natalie"], ["last_name", "Portman"], ["image", "http://s3.amazonaws.com/codecademy-content/courses/learn-rails/img/natalie-portman.png"], ["bio", "Natalie Portman is an Israeli-born American actress, producer, and director. Her first role was in the 1994 action thriller Lon: The Pr..."], ["created_at", "2016-10-17 13:06:33.522214"], ["updated_at", "2016-10-17 13:06:33.522214"]]
  [1m[35m (4.7ms)[0m  commit transaction
  [1m[36m (0.1ms)[0m  [1mbegin transaction[0m
  [1m[35mSQL (0.3ms)[0m  INSERT INTO "actors" ("first_name", "last_name", "image", "bio", "created_at", "updated_at") VALUES (?, ?, ?, ?, ?, ?)  [["first_name", "Clive"], ["last_name", "Owen"], ["image", "http://s3.amazonaws.com/codecademy-content/courses/learn-rails/img/clive-owen.jpg"], ["bio", "Clive Owen is an English actor who first gained recognition in the United Kingdom for playing the lead role in the ITV series Chancer fro..."], ["created_at", "2016-10-17 13:06:33.529440"], ["updated_at", "2016-10-17 13:06:33.529440"]]
  [1m[36m (4.0ms)[0m  [1mcommit transaction[0m
  [1m[35m (0.1ms)[0m  begin transaction
  [1m[36mSQL (0.2ms)[0m  [1mINSERT INTO "actors" ("first_name", "last_name", "image", "bio", "created_at", "updated_at") VALUES (?, ?, ?, ?, ?, ?)[0m  [["first_name", "Matthew"], ["last_name", "McConaughey"], ["image", "http://s3.amazonaws.com/codecademy-content/courses/learn-rails/img/matthew-mcconaughey.jpg"], ["bio", "Matthew David McConaughey is an American actor and producer. He first gained notice for his breakout role in the coming-of-age comedy Daz..."], ["created_at", "2016-10-17 13:06:33.537020"], ["updated_at", "2016-10-17 13:06:33.537020"]]
  [1m[35m (5.6ms)[0m  commit transaction
  [1m[36m (0.1ms)[0m  [1mbegin transaction[0m
  [1m[35mSQL (0.2ms)[0m  INSERT INTO "movies" ("title", "image", "release_year", "plot", "created_at", "updated_at") VALUES (?, ?, ?, ?, ?, ?)  [["title", "Ocean's 11"], ["image", "http://s3.amazonaws.com/codecademy-content/courses/learn-rails/img/oceans-11.jpg"], ["release_year", "2001"], ["plot", "Dapper Danny Ocean (George Clooney) is a man of action. Less than 24 hours into his parole from a New Jersey penitentiary, the wry, chari..."], ["created_at", "2016-10-17 13:06:33.552192"], ["updated_at", "2016-10-17 13:06:33.552192"]]
  [1m[36m (33.5ms)[0m  [1mcommit transaction[0m
  [1m[35m (0.1ms)[0m  begin transaction
  [1m[36mSQL (0.2ms)[0m  [1mINSERT INTO "movies" ("title", "image", "release_year", "plot", "created_at", "updated_at") VALUES (?, ?, ?, ?, ?, ?)[0m  [["title", "The Perfect Storm"], ["image", "http://s3.amazonaws.com/codecademy-content/courses/learn-rails/img/the-perfect-storm.jpg"], ["release_year", "2000"], ["plot", "Based on a true story, the film tells of the courageous men and women who risk their lives every working day, pitting their fishing boats..."], ["created_at", "2016-10-17 13:06:33.588110"], ["updated_at", "2016-10-17 13:06:33.588110"]]
  [1m[35m (5.0ms)[0m  commit transaction
  [1m[36m (0.1ms)[0m  [1mbegin transaction[0m
  [1m[35mSQL (0.1ms)[0m  INSERT INTO "movies" ("title", "image", "release_year", "plot", "created_at", "updated_at") VALUES (?, ?, ?, ?, ?, ?)  [["title", "Contagion"], ["image", "http://s3.amazonaws.com/codecademy-content/courses/learn-rails/img/contagion.jpg"], ["release_year", "2011"], ["plot", "When Beth Emhoff (Gwyneth Paltrow) returns to Minnesota from a Hong Kong business trip, she attributes the malaise she feels to jet lag ..."], ["created_at", "2016-10-17 13:06:33.596152"], ["updated_at", "2016-10-17 13:06:33.596152"]]
  [1m[36m (3.9ms)[0m  [1mcommit transaction[0m
  [1m[35m (0.1ms)[0m  begin transaction
  [1m[36mSQL (0.3ms)[0m  [1mINSERT INTO "movies" ("title", "image", "release_year", "plot", "created_at", "updated_at") VALUES (?, ?, ?, ?, ?, ?)[0m  [["title", "The Departed"], ["image", "http://s3.amazonaws.com/codecademy-content/courses/learn-rails/img/the-departed.jpg"], ["release_year", "2006"], ["plot", "South Boston cop Billy Costigan (Leonardo DiCaprio) goes under cover to infiltrate the organization of gangland chief Frank Costello (Jac..."], ["created_at", "2016-10-17 13:06:33.602003"], ["updated_at", "2016-10-17 13:06:33.602003"]]
  [1m[35m (7.7ms)[0m  commit transaction
  [1m[36m (0.1ms)[0m  [1mbegin transaction[0m
  [1m[35mSQL (0.2ms)[0m  INSERT INTO "movies" ("title", "image", "release_year", "plot", "created_at", "updated_at") VALUES (?, ?, ?, ?, ?, ?)  [["title", "Inception"], ["image", "http://s3.amazonaws.com/codecademy-content/courses/learn-rails/img/inception.jpg"], ["release_year", "2010"], ["plot", "Dom Cobb (Leonardo DiCaprio) is a thief with the rare ability to enter people's dreams and steal their secrets from their subconscious ..."], ["created_at", "2016-10-17 13:06:33.612091"], ["updated_at", "2016-10-17 13:06:33.612091"]]
  [1m[36m (5.5ms)[0m  [1mcommit transaction[0m
  [1m[35m (0.1ms)[0m  begin transaction
  [1m[36mSQL (0.3ms)[0m  [1mINSERT INTO "movies" ("title", "image", "release_year", "plot", "created_at", "updated_at") VALUES (?, ?, ?, ?, ?, ?)[0m  [["title", "The Dark Knight Rises"], ["image", "http://s3.amazonaws.com/codecademy-content/courses/learn-rails/img/dark-knight-rises.jpg"], ["release_year", "2012"], ["plot", "It has been eight years since Batman (Christian Bale), in collusion with Commissioner Gordon (Gary Oldman), vanished into the night. Assu..."], ["created_at", "2016-10-17 13:06:33.619924"], ["updated_at", "2016-10-17 13:06:33.619924"]]
  [1m[35m (5.5ms)[0m  commit transaction
  [1m[36m (0.1ms)[0m  [1mbegin transaction[0m
  [1m[35mSQL (0.2ms)[0m  INSERT INTO "movies" ("title", "image", "release_year", "plot", "created_at", "updated_at") VALUES (?, ?, ?, ?, ?, ?)  [["title", "Iron Man"], ["image", "http://s3.amazonaws.com/codecademy-content/courses/learn-rails/img/iron-man.jpg"], ["release_year", "2008"], ["plot", "A billionaire industrialist and genius inventor, Tony Stark (Robert Downey Jr.), is conducting weapons tests overseas, but terrorists kid..."], ["created_at", "2016-10-17 13:06:33.628875"], ["updated_at", "2016-10-17 13:06:33.628875"]]
  [1m[36m (6.0ms)[0m  [1mcommit transaction[0m
  [1m[35m (0.1ms)[0m  begin transaction
  [1m[36mSQL (0.3ms)[0m  [1mINSERT INTO "movies" ("title", "image", "release_year", "plot", "created_at", "updated_at") VALUES (?, ?, ?, ?, ?, ?)[0m  [["title", "Sherlock Holmes"], ["image", "http://s3.amazonaws.com/codecademy-content/courses/learn-rails/img/sherlock-holmes.jpg"], ["release_year", "2009"], ["plot", "When a string of brutal murders terrorizes London, it doesn't take long for legendary detective Sherlock Holmes (Robert Downey Jr.) and ..."], ["created_at", "2016-10-17 13:06:33.637441"], ["updated_at", "2016-10-17 13:06:33.637441"]]
  [1m[35m (5.7ms)[0m  commit transaction
  [1m[36m (0.1ms)[0m  [1mbegin transaction[0m
  [1m[35mSQL (0.2ms)[0m  INSERT INTO "movies" ("title", "image", "release_year", "plot", "created_at", "updated_at") VALUES (?, ?, ?, ?, ?, ?)  [["title", "Closer"], ["image", "http://s3.amazonaws.com/codecademy-content/courses/learn-rails/img/closer.jpg"], ["release_year", "2004"], ["plot", "Alice (Natalie Portman), who has moved to London, meets Dan (Jude Law) on the street. While looking at him, a taxi hits her. After taking ..."], ["created_at", "2016-10-17 13:06:33.646384"], ["updated_at", "2016-10-17 13:06:33.646384"]]
  [1m[36m (10.1ms)[0m  [1mcommit transaction[0m
  [1m[35m (0.1ms)[0m  begin transaction
  [1m[36mSQL (0.3ms)[0m  [1mINSERT INTO "movies" ("title", "image", "release_year", "plot", "created_at", "updated_at") VALUES (?, ?, ?, ?, ?, ?)[0m  [["title", "Interstellar"], ["image", "http://s3.amazonaws.com/codecademy-content/courses/learn-rails/img/interstellar.jpg"], ["release_year", "2014"], ["plot", "In Earth's future, a global crop blight and second Dust Bowl are slowly rendering the planet uninhabitable. Professor Brand (Michael Cai..."], ["created_at", "2016-10-17 13:06:33.659256"], ["updated_at", "2016-10-17 13:06:33.659256"]]
  [1m[35m (41.2ms)[0m  commit transaction
  [1m[36m (0.1ms)[0m  [1mbegin transaction[0m
  [1m[35mSQL (1.2ms)[0m  INSERT INTO "parts" ("movie_id", "actor_id", "created_at", "updated_at") VALUES (?, ?, ?, ?)  [["movie_id", 1], ["actor_id", 1], ["created_at", "2016-10-17 13:06:33.755175"], ["updated_at", "2016-10-17 13:06:33.755175"]]
  [1m[36mSQL (0.1ms)[0m  [1mINSERT INTO "parts" ("movie_id", "actor_id", "created_at", "updated_at") VALUES (?, ?, ?, ?)[0m  [["movie_id", 1], ["actor_id", 2], ["created_at", "2016-10-17 13:06:33.760081"], ["updated_at", "2016-10-17 13:06:33.760081"]]
  [1m[35mSQL (0.1ms)[0m  INSERT INTO "parts" ("movie_id", "actor_id", "created_at", "updated_at") VALUES (?, ?, ?, ?)  [["movie_id", 1], ["actor_id", 3], ["created_at", "2016-10-17 13:06:33.762130"], ["updated_at", "2016-10-17 13:06:33.762130"]]
  [1m[36mSQL (0.1ms)[0m  [1mINSERT INTO "parts" ("movie_id", "actor_id", "created_at", "updated_at") VALUES (?, ?, ?, ?)[0m  [["movie_id", 1], ["actor_id", 4], ["created_at", "2016-10-17 13:06:33.763646"], ["updated_at", "2016-10-17 13:06:33.763646"]]
  [1m[35mSQL (0.1ms)[0m  INSERT INTO "parts" ("movie_id", "actor_id", "created_at", "updated_at") VALUES (?, ?, ?, ?)  [["movie_id", 1], ["actor_id", 5], ["created_at", "2016-10-17 13:06:33.765983"], ["updated_at", "2016-10-17 13:06:33.765983"]]
  [1m[36m (5.8ms)[0m  [1mcommit transaction[0m
  [1m[35m (0.0ms)[0m  begin transaction
  [1m[36mSQL (2.1ms)[0m  [1mINSERT INTO "parts" ("movie_id", "actor_id", "created_at", "updated_at") VALUES (?, ?, ?, ?)[0m  [["movie_id", 2], ["actor_id", 1], ["created_at", "2016-10-17 13:06:33.776219"], ["updated_at", "2016-10-17 13:06:33.776219"]]
  [1m[35mSQL (0.1ms)[0m  INSERT INTO "parts" ("movie_id", "actor_id", "created_at", "updated_at") VALUES (?, ?, ?, ?)  [["movie_id", 2], ["actor_id", 6], ["created_at", "2016-10-17 13:06:33.780864"], ["updated_at", "2016-10-17 13:06:33.780864"]]
  [1m[36mSQL (0.1ms)[0m  [1mINSERT INTO "parts" ("movie_id", "actor_id", "created_at", "updated_at") VALUES (?, ?, ?, ?)[0m  [["movie_id", 2], ["actor_id", 25], ["created_at", "2016-10-17 13:06:33.782315"], ["updated_at", "2016-10-17 13:06:33.782315"]]
  [1m[35m (5.0ms)[0m  commit transaction
  [1m[36m (0.1ms)[0m  [1mbegin transaction[0m
  [1m[35mSQL (1.1ms)[0m  INSERT INTO "parts" ("movie_id", "actor_id", "created_at", "updated_at") VALUES (?, ?, ?, ?)  [["movie_id", 3], ["actor_id", 7], ["created_at", "2016-10-17 13:06:33.791990"], ["updated_at", "2016-10-17 13:06:33.791990"]]
  [1m[36mSQL (0.1ms)[0m  [1mINSERT INTO "parts" ("movie_id", "actor_id", "created_at", "updated_at") VALUES (?, ?, ?, ?)[0m  [["movie_id", 3], ["actor_id", 8], ["created_at", "2016-10-17 13:06:33.795365"], ["updated_at", "2016-10-17 13:06:33.795365"]]
  [1m[35mSQL (0.1ms)[0m  INSERT INTO "parts" ("movie_id", "actor_id", "created_at", "updated_at") VALUES (?, ?, ?, ?)  [["movie_id", 3], ["actor_id", 9], ["created_at", "2016-10-17 13:06:33.796877"], ["updated_at", "2016-10-17 13:06:33.796877"]]
  [1m[36mSQL (0.1ms)[0m  [1mINSERT INTO "parts" ("movie_id", "actor_id", "created_at", "updated_at") VALUES (?, ?, ?, ?)[0m  [["movie_id", 3], ["actor_id", 10], ["created_at", "2016-10-17 13:06:33.798362"], ["updated_at", "2016-10-17 13:06:33.798362"]]
  [1m[35mSQL (0.1ms)[0m  INSERT INTO "parts" ("movie_id", "actor_id", "created_at", "updated_at") VALUES (?, ?, ?, ?)  [["movie_id", 3], ["actor_id", 11], ["created_at", "2016-10-17 13:06:33.801634"], ["updated_at", "2016-10-17 13:06:33.801634"]]
  [1m[36mSQL (0.1ms)[0m  [1mINSERT INTO "parts" ("movie_id", "actor_id", "created_at", "updated_at") VALUES (?, ?, ?, ?)[0m  [["movie_id", 3], ["actor_id", 12], ["created_at", "2016-10-17 13:06:33.803408"], ["updated_at", "2016-10-17 13:06:33.803408"]]
  [1m[35mSQL (0.1ms)[0m  INSERT INTO "parts" ("movie_id", "actor_id", "created_at", "updated_at") VALUES (?, ?, ?, ?)  [["movie_id", 3], ["actor_id", 4], ["created_at", "2016-10-17 13:06:33.806123"], ["updated_at", "2016-10-17 13:06:33.806123"]]
  [1m[36mSQL (0.3ms)[0m  [1mINSERT INTO "parts" ("movie_id", "actor_id", "created_at", "updated_at") VALUES (?, ?, ?, ?)[0m  [["movie_id", 3], ["actor_id", 2], ["created_at", "2016-10-17 13:06:33.811690"], ["updated_at", "2016-10-17 13:06:33.811690"]]
  [1m[35m (7.4ms)[0m  commit transaction
  [1m[36m (0.1ms)[0m  [1mbegin transaction[0m
  [1m[35mSQL (2.1ms)[0m  INSERT INTO "parts" ("movie_id", "actor_id", "created_at", "updated_at") VALUES (?, ?, ?, ?)  [["movie_id", 4], ["actor_id", 2], ["created_at", "2016-10-17 13:06:33.824735"], ["updated_at", "2016-10-17 13:06:33.824735"]]
  [1m[36mSQL (0.1ms)[0m  [1mINSERT INTO "parts" ("movie_id", "actor_id", "created_at", "updated_at") VALUES (?, ?, ?, ?)[0m  [["movie_id", 4], ["actor_id", 13], ["created_at", "2016-10-17 13:06:33.829260"], ["updated_at", "2016-10-17 13:06:33.829260"]]
  [1m[35mSQL (0.1ms)[0m  INSERT INTO "parts" ("movie_id", "actor_id", "created_at", "updated_at") VALUES (?, ?, ?, ?)  [["movie_id", 4], ["actor_id", 14], ["created_at", "2016-10-17 13:06:33.830867"], ["updated_at", "2016-10-17 13:06:33.830867"]]
  [1m[36mSQL (0.1ms)[0m  [1mINSERT INTO "parts" ("movie_id", "actor_id", "created_at", "updated_at") VALUES (?, ?, ?, ?)[0m  [["movie_id", 4], ["actor_id", 6], ["created_at", "2016-10-17 13:06:33.833059"], ["updated_at", "2016-10-17 13:06:33.833059"]]
  [1m[35m (17.2ms)[0m  commit transaction
  [1m[36m (0.1ms)[0m  [1mbegin transaction[0m
  [1m[35mSQL (0.8ms)[0m  INSERT INTO "parts" ("movie_id", "actor_id", "created_at", "updated_at") VALUES (?, ?, ?, ?)  [["movie_id", 5], ["actor_id", 13], ["created_at", "2016-10-17 13:06:33.852892"], ["updated_at", "2016-10-17 13:06:33.852892"]]
  [1m[36mSQL (0.1ms)[0m  [1mINSERT INTO "parts" ("movie_id", "actor_id", "created_at", "updated_at") VALUES (?, ?, ?, ?)[0m  [["movie_id", 5], ["actor_id", 26], ["created_at", "2016-10-17 13:06:33.856205"], ["updated_at", "2016-10-17 13:06:33.856205"]]
  [1m[35mSQL (0.1ms)[0m  INSERT INTO "parts" ("movie_id", "actor_id", "created_at", "updated_at") VALUES (?, ?, ?, ?)  [["movie_id", 5], ["actor_id", 15], ["created_at", "2016-10-17 13:06:33.859743"], ["updated_at", "2016-10-17 13:06:33.859743"]]
  [1m[36mSQL (0.2ms)[0m  [1mINSERT INTO "parts" ("movie_id", "actor_id", "created_at", "updated_at") VALUES (?, ?, ?, ?)[0m  [["movie_id", 5], ["actor_id", 16], ["created_at", "2016-10-17 13:06:33.861779"], ["updated_at", "2016-10-17 13:06:33.861779"]]
  [1m[35mSQL (0.1ms)[0m  INSERT INTO "parts" ("movie_id", "actor_id", "created_at", "updated_at") VALUES (?, ?, ?, ?)  [["movie_id", 5], ["actor_id", 7], ["created_at", "2016-10-17 13:06:33.865238"], ["updated_at", "2016-10-17 13:06:33.865238"]]
  [1m[36mSQL (0.1ms)[0m  [1mINSERT INTO "parts" ("movie_id", "actor_id", "created_at", "updated_at") VALUES (?, ?, ?, ?)[0m  [["movie_id", 5], ["actor_id", 17], ["created_at", "2016-10-17 13:06:33.868800"], ["updated_at", "2016-10-17 13:06:33.868800"]]
  [1m[35mSQL (0.1ms)[0m  INSERT INTO "parts" ("movie_id", "actor_id", "created_at", "updated_at") VALUES (?, ?, ?, ?)  [["movie_id", 5], ["actor_id", 28], ["created_at", "2016-10-17 13:06:33.870705"], ["updated_at", "2016-10-17 13:06:33.870705"]]
  [1m[36m (5.2ms)[0m  [1mcommit transaction[0m
  [1m[35m (0.1ms)[0m  begin transaction
  [1m[36mSQL (1.3ms)[0m  [1mINSERT INTO "parts" ("movie_id", "actor_id", "created_at", "updated_at") VALUES (?, ?, ?, ?)[0m  [["movie_id", 6], ["actor_id", 18], ["created_at", "2016-10-17 13:06:33.879241"], ["updated_at", "2016-10-17 13:06:33.879241"]]
  [1m[35mSQL (0.1ms)[0m  INSERT INTO "parts" ("movie_id", "actor_id", "created_at", "updated_at") VALUES (?, ?, ?, ?)  [["movie_id", 6], ["actor_id", 19], ["created_at", "2016-10-17 13:06:33.884650"], ["updated_at", "2016-10-17 13:06:33.884650"]]
  [1m[36mSQL (0.1ms)[0m  [1mINSERT INTO "parts" ("movie_id", "actor_id", "created_at", "updated_at") VALUES (?, ?, ?, ?)[0m  [["movie_id", 6], ["actor_id", 28], ["created_at", "2016-10-17 13:06:33.887039"], ["updated_at", "2016-10-17 13:06:33.887039"]]
  [1m[35mSQL (0.4ms)[0m  INSERT INTO "parts" ("movie_id", "actor_id", "created_at", "updated_at") VALUES (?, ?, ?, ?)  [["movie_id", 6], ["actor_id", 16], ["created_at", "2016-10-17 13:06:33.890001"], ["updated_at", "2016-10-17 13:06:33.890001"]]
  [1m[36mSQL (0.1ms)[0m  [1mINSERT INTO "parts" ("movie_id", "actor_id", "created_at", "updated_at") VALUES (?, ?, ?, ?)[0m  [["movie_id", 6], ["actor_id", 7], ["created_at", "2016-10-17 13:06:33.892469"], ["updated_at", "2016-10-17 13:06:33.892469"]]
  [1m[35mSQL (0.0ms)[0m  INSERT INTO "parts" ("movie_id", "actor_id", "created_at", "updated_at") VALUES (?, ?, ?, ?)  [["movie_id", 6], ["actor_id", 17], ["created_at", "2016-10-17 13:06:33.893883"], ["updated_at", "2016-10-17 13:06:33.893883"]]
  [1m[36mSQL (0.1ms)[0m  [1mINSERT INTO "parts" ("movie_id", "actor_id", "created_at", "updated_at") VALUES (?, ?, ?, ?)[0m  [["movie_id", 6], ["actor_id", 15], ["created_at", "2016-10-17 13:06:33.895396"], ["updated_at", "2016-10-17 13:06:33.895396"]]
  [1m[35mSQL (0.2ms)[0m  INSERT INTO "parts" ("movie_id", "actor_id", "created_at", "updated_at") VALUES (?, ?, ?, ?)  [["movie_id", 6], ["actor_id", 27], ["created_at", "2016-10-17 13:06:33.897903"], ["updated_at", "2016-10-17 13:06:33.897903"]]
  [1m[36m (22.6ms)[0m  [1mcommit transaction[0m
  [1m[35m (0.1ms)[0m  begin transaction
  [1m[36mSQL (0.7ms)[0m  [1mINSERT INTO "parts" ("movie_id", "actor_id", "created_at", "updated_at") VALUES (?, ?, ?, ?)[0m  [["movie_id", 7], ["actor_id", 20], ["created_at", "2016-10-17 13:06:33.926983"], ["updated_at", "2016-10-17 13:06:33.926983"]]
  [1m[35mSQL (0.1ms)[0m  INSERT INTO "parts" ("movie_id", "actor_id", "created_at", "updated_at") VALUES (?, ?, ?, ?)  [["movie_id", 7], ["actor_id", 21], ["created_at", "2016-10-17 13:06:33.929466"], ["updated_at", "2016-10-17 13:06:33.929466"]]
  [1m[36mSQL (0.1ms)[0m  [1mINSERT INTO "parts" ("movie_id", "actor_id", "created_at", "updated_at") VALUES (?, ?, ?, ?)[0m  [["movie_id", 7], ["actor_id", 22], ["created_at", "2016-10-17 13:06:33.931410"], ["updated_at", "2016-10-17 13:06:33.931410"]]
  [1m[35mSQL (0.1ms)[0m  INSERT INTO "parts" ("movie_id", "actor_id", "created_at", "updated_at") VALUES (?, ?, ?, ?)  [["movie_id", 7], ["actor_id", 10], ["created_at", "2016-10-17 13:06:33.936175"], ["updated_at", "2016-10-17 13:06:33.936175"]]
  [1m[36m (37.7ms)[0m  [1mcommit transaction[0m
  [1m[35m (0.1ms)[0m  begin transaction
  [1m[36mSQL (0.6ms)[0m  [1mINSERT INTO "parts" ("movie_id", "actor_id", "created_at", "updated_at") VALUES (?, ?, ?, ?)[0m  [["movie_id", 8], ["actor_id", 20], ["created_at", "2016-10-17 13:06:33.976621"], ["updated_at", "2016-10-17 13:06:33.976621"]]
  [1m[35mSQL (0.1ms)[0m  INSERT INTO "parts" ("movie_id", "actor_id", "created_at", "updated_at") VALUES (?, ?, ?, ?)  [["movie_id", 8], ["actor_id", 9], ["created_at", "2016-10-17 13:06:33.978601"], ["updated_at", "2016-10-17 13:06:33.978601"]]
  [1m[36mSQL (0.1ms)[0m  [1mINSERT INTO "parts" ("movie_id", "actor_id", "created_at", "updated_at") VALUES (?, ?, ?, ?)[0m  [["movie_id", 8], ["actor_id", 23], ["created_at", "2016-10-17 13:06:33.980043"], ["updated_at", "2016-10-17 13:06:33.980043"]]
  [1m[35mSQL (0.1ms)[0m  INSERT INTO "parts" ("movie_id", "actor_id", "created_at", "updated_at") VALUES (?, ?, ?, ?)  [["movie_id", 8], ["actor_id", 24], ["created_at", "2016-10-17 13:06:33.981395"], ["updated_at", "2016-10-17 13:06:33.981395"]]
  [1m[36m (40.5ms)[0m  [1mcommit transaction[0m
  [1m[35m (0.3ms)[0m  begin transaction
  [1m[36mSQL (0.6ms)[0m  [1mINSERT INTO "parts" ("movie_id", "actor_id", "created_at", "updated_at") VALUES (?, ?, ?, ?)[0m  [["movie_id", 9], ["actor_id", 5], ["created_at", "2016-10-17 13:06:34.025831"], ["updated_at", "2016-10-17 13:06:34.025831"]]
  [1m[35mSQL (0.1ms)[0m  INSERT INTO "parts" ("movie_id", "actor_id", "created_at", "updated_at") VALUES (?, ?, ?, ?)  [["movie_id", 9], ["actor_id", 9], ["created_at", "2016-10-17 13:06:34.028202"], ["updated_at", "2016-10-17 13:06:34.028202"]]
  [1m[36mSQL (0.3ms)[0m  [1mINSERT INTO "parts" ("movie_id", "actor_id", "created_at", "updated_at") VALUES (?, ?, ?, ?)[0m  [["movie_id", 9], ["actor_id", 29], ["created_at", "2016-10-17 13:06:34.029668"], ["updated_at", "2016-10-17 13:06:34.029668"]]
  [1m[35mSQL (0.1ms)[0m  INSERT INTO "parts" ("movie_id", "actor_id", "created_at", "updated_at") VALUES (?, ?, ?, ?)  [["movie_id", 9], ["actor_id", 30], ["created_at", "2016-10-17 13:06:34.031433"], ["updated_at", "2016-10-17 13:06:34.031433"]]
  [1m[36m (10.4ms)[0m  [1mcommit transaction[0m
  [1m[35m (0.1ms)[0m  begin transaction
  [1m[36mSQL (0.6ms)[0m  [1mINSERT INTO "parts" ("movie_id", "actor_id", "created_at", "updated_at") VALUES (?, ?, ?, ?)[0m  [["movie_id", 10], ["actor_id", 31], ["created_at", "2016-10-17 13:06:34.045014"], ["updated_at", "2016-10-17 13:06:34.045014"]]
  [1m[35mSQL (0.1ms)[0m  INSERT INTO "parts" ("movie_id", "actor_id", "created_at", "updated_at") VALUES (?, ?, ?, ?)  [["movie_id", 10], ["actor_id", 27], ["created_at", "2016-10-17 13:06:34.047209"], ["updated_at", "2016-10-17 13:06:34.047209"]]
  [1m[36mSQL (0.1ms)[0m  [1mINSERT INTO "parts" ("movie_id", "actor_id", "created_at", "updated_at") VALUES (?, ?, ?, ?)[0m  [["movie_id", 10], ["actor_id", 28], ["created_at", "2016-10-17 13:06:34.048805"], ["updated_at", "2016-10-17 13:06:34.048805"]]
  [1m[35mSQL (0.5ms)[0m  INSERT INTO "parts" ("movie_id", "actor_id", "created_at", "updated_at") VALUES (?, ?, ?, ?)  [["movie_id", 10], ["actor_id", 2], ["created_at", "2016-10-17 13:06:34.050821"], ["updated_at", "2016-10-17 13:06:34.050821"]]
  [1m[36m (24.4ms)[0m  [1mcommit transaction[0m


Started GET "/movies" for 127.0.0.1 at 2016-10-17 15:57:14 +0200
  [1m[36mActiveRecord::SchemaMigration Load (0.2ms)[0m  [1mSELECT "schema_migrations".* FROM "schema_migrations"[0m
Processing by MoviesController#index as HTML
  [1m[35mMovie Load (0.2ms)[0m  SELECT "movies".* FROM "movies"
  Rendered movies/index.html.erb within layouts/application (7.1ms)
Completed 200 OK in 1394ms (Views: 1362.5ms | ActiveRecord: 0.4ms)


Started GET "/assets/movies.self-e3b0c44298fc1c149afbf4c8996fb92427ae41e4649b934ca495991b7852b855.css?body=1" for 127.0.0.1 at 2016-10-17 15:57:16 +0200


Started GET "/assets/movies.self-877aef30ae1b040ab8a3aba4e3e309a11d7f2612f44dde450b5c157aa5f95c05.js?body=1" for 127.0.0.1 at 2016-10-17 15:57:16 +0200


Started GET "/movies" for 127.0.0.1 at 2016-10-17 15:59:55 +0200
  [1m[36mActiveRecord::SchemaMigration Load (0.1ms)[0m  [1mSELECT "schema_migrations".* FROM "schema_migrations"[0m
Processing by MoviesController#index as HTML
  [1m[35mMovie Load (0.1ms)[0m  SELECT "movies".* FROM "movies"
  Rendered movies/index.html.erb within layouts/application (6.6ms)
Completed 200 OK in 256ms (Views: 240.6ms | ActiveRecord: 0.4ms)


Started GET "/assets/movies.self-e3b0c44298fc1c149afbf4c8996fb92427ae41e4649b934ca495991b7852b855.css?body=1" for 127.0.0.1 at 2016-10-17 15:59:55 +0200


Started GET "/assets/application.self-e80e8f2318043e8af94dddc2adad5a4f09739a8ebb323b3ab31cd71d45fd9113.css?body=1" for 127.0.0.1 at 2016-10-17 15:59:55 +0200


Started GET "/assets/movies.self-877aef30ae1b040ab8a3aba4e3e309a11d7f2612f44dde450b5c157aa5f95c05.js?body=1" for 127.0.0.1 at 2016-10-17 15:59:55 +0200


Started GET "/assets/jquery.self-bd7ddd393353a8d2480a622e80342adf488fb6006d667e8b42e4c0073393abee.js?body=1" for 127.0.0.1 at 2016-10-17 15:59:55 +0200


Started GET "/assets/application.self-3b8dabdc891efe46b9a144b400ad69e37d7e5876bdc39dee783419a69d7ca819.js?body=1" for 127.0.0.1 at 2016-10-17 15:59:55 +0200


Started GET "/assets/turbolinks.self-c5acd7a204f5f25ce7a1d8a0e4d92e28d34c9e2df2c7371cd7af88e147e4ad82.js?body=1" for 127.0.0.1 at 2016-10-17 15:59:55 +0200


Started GET "/assets/jquery_ujs.self-784a997f6726036b1993eb2217c9cb558e1cbb801c6da88105588c56f13b466a.js?body=1" for 127.0.0.1 at 2016-10-17 15:59:55 +0200


Started GET "/movies" for 127.0.0.1 at 2016-10-17 16:00:12 +0200
Processing by MoviesController#index as HTML
  [1m[36mMovie Load (0.2ms)[0m  [1mSELECT "movies".* FROM "movies"[0m
  Rendered movies/index.html.erb within layouts/application (1.4ms)
Completed 200 OK in 19ms (Views: 18.5ms | ActiveRecord: 0.2ms)


Started GET "/movies" for 127.0.0.1 at 2016-10-17 17:20:39 +0200
  [1m[36mActiveRecord::SchemaMigration Load (0.1ms)[0m  [1mSELECT "schema_migrations".* FROM "schema_migrations"[0m

SyntaxError (/home/deborah/Documenti/MovieApp/app/controllers/movies_controller.rb:13: syntax error, unexpected keyword_end, expecting end-of-input):
  app/controllers/movies_controller.rb:13: syntax error, unexpected keyword_end, expecting end-of-input


  Rendered /home/deborah/.rbenv/versions/2.3.1/lib/ruby/gems/2.3.0/gems/actionpack-4.2.6/lib/action_dispatch/middleware/templates/rescues/_source.erb (3.0ms)
  Rendered /home/deborah/.rbenv/versions/2.3.1/lib/ruby/gems/2.3.0/gems/actionpack-4.2.6/lib/action_dispatch/middleware/templates/rescues/_trace.html.erb (1.7ms)
  Rendered /home/deborah/.rbenv/versions/2.3.1/lib/ruby/gems/2.3.0/gems/actionpack-4.2.6/lib/action_dispatch/middleware/templates/rescues/_request_and_response.html.erb (8.8ms)
  Rendered /home/deborah/.rbenv/versions/2.3.1/lib/ruby/gems/2.3.0/gems/actionpack-4.2.6/lib/action_dispatch/middleware/templates/rescues/diagnostics.html.erb within rescues/layout (34.3ms)
  Rendered /home/deborah/.rbenv/versions/2.3.1/lib/ruby/gems/2.3.0/gems/web-console-2.3.0/lib/web_console/templates/_markup.html.erb (0.4ms)
  Rendered /home/deborah/.rbenv/versions/2.3.1/lib/ruby/gems/2.3.0/gems/web-console-2.3.0/lib/web_console/templates/_inner_console_markup.html.erb within layouts/inlined_string (0.3ms)
  Rendered /home/deborah/.rbenv/versions/2.3.1/lib/ruby/gems/2.3.0/gems/web-console-2.3.0/lib/web_console/templates/_prompt_box_markup.html.erb within layouts/inlined_string (0.3ms)
  Rendered /home/deborah/.rbenv/versions/2.3.1/lib/ruby/gems/2.3.0/gems/web-console-2.3.0/lib/web_console/templates/style.css.erb within layouts/inlined_string (0.4ms)
  Rendered /home/deborah/.rbenv/versions/2.3.1/lib/ruby/gems/2.3.0/gems/web-console-2.3.0/lib/web_console/templates/console.js.erb within layouts/javascript (59.0ms)
  Rendered /home/deborah/.rbenv/versions/2.3.1/lib/ruby/gems/2.3.0/gems/web-console-2.3.0/lib/web_console/templates/main.js.erb within layouts/javascript (0.6ms)
  Rendered /home/deborah/.rbenv/versions/2.3.1/lib/ruby/gems/2.3.0/gems/web-console-2.3.0/lib/web_console/templates/error_page.js.erb within layouts/javascript (0.3ms)
  Rendered /home/deborah/.rbenv/versions/2.3.1/lib/ruby/gems/2.3.0/gems/web-console-2.3.0/lib/web_console/templates/index.html.erb (88.5ms)


Started GET "/movies" for 127.0.0.1 at 2016-10-17 17:21:07 +0200
Processing by MoviesController#index as HTML
  [1m[35mMovie Load (0.3ms)[0m  SELECT "movies".* FROM "movies"
  Rendered movies/index.html.erb within layouts/application (12.3ms)
Completed 200 OK in 256ms (Views: 249.4ms | ActiveRecord: 2.2ms)


Started GET "/assets/movies.self-e3b0c44298fc1c149afbf4c8996fb92427ae41e4649b934ca495991b7852b855.css?body=1" for 127.0.0.1 at 2016-10-17 17:21:07 +0200


Started GET "/assets/movies.self-877aef30ae1b040ab8a3aba4e3e309a11d7f2612f44dde450b5c157aa5f95c05.js?body=1" for 127.0.0.1 at 2016-10-17 17:21:07 +0200


Started GET "/assets/jquery.self-bd7ddd393353a8d2480a622e80342adf488fb6006d667e8b42e4c0073393abee.js?body=1" for 127.0.0.1 at 2016-10-17 17:21:07 +0200


Started GET "/assets/turbolinks.self-c5acd7a204f5f25ce7a1d8a0e4d92e28d34c9e2df2c7371cd7af88e147e4ad82.js?body=1" for 127.0.0.1 at 2016-10-17 17:21:07 +0200


Started GET "/assets/application.self-e80e8f2318043e8af94dddc2adad5a4f09739a8ebb323b3ab31cd71d45fd9113.css?body=1" for 127.0.0.1 at 2016-10-17 17:21:07 +0200


Started GET "/assets/jquery_ujs.self-784a997f6726036b1993eb2217c9cb558e1cbb801c6da88105588c56f13b466a.js?body=1" for 127.0.0.1 at 2016-10-17 17:21:07 +0200


Started GET "/assets/application.self-3b8dabdc891efe46b9a144b400ad69e37d7e5876bdc39dee783419a69d7ca819.js?body=1" for 127.0.0.1 at 2016-10-17 17:21:07 +0200


Started GET "/movies" for 127.0.0.1 at 2016-10-17 17:21:16 +0200
Processing by MoviesController#index as HTML
  [1m[36mMovie Load (0.5ms)[0m  [1mSELECT "movies".* FROM "movies"[0m
  Rendered movies/index.html.erb within layouts/application (16.1ms)
Completed 200 OK in 70ms (Views: 64.9ms | ActiveRecord: 0.8ms)


Started GET "/assets/movies.self-e3b0c44298fc1c149afbf4c8996fb92427ae41e4649b934ca495991b7852b855.css?body=1" for 127.0.0.1 at 2016-10-17 17:21:16 +0200


Started GET "/assets/application.self-e80e8f2318043e8af94dddc2adad5a4f09739a8ebb323b3ab31cd71d45fd9113.css?body=1" for 127.0.0.1 at 2016-10-17 17:21:16 +0200


Started GET "/assets/turbolinks.self-c5acd7a204f5f25ce7a1d8a0e4d92e28d34c9e2df2c7371cd7af88e147e4ad82.js?body=1" for 127.0.0.1 at 2016-10-17 17:21:16 +0200


Started GET "/assets/jquery_ujs.self-784a997f6726036b1993eb2217c9cb558e1cbb801c6da88105588c56f13b466a.js?body=1" for 127.0.0.1 at 2016-10-17 17:21:16 +0200


Started GET "/assets/movies.self-877aef30ae1b040ab8a3aba4e3e309a11d7f2612f44dde450b5c157aa5f95c05.js?body=1" for 127.0.0.1 at 2016-10-17 17:21:16 +0200


Started GET "/assets/jquery.self-bd7ddd393353a8d2480a622e80342adf488fb6006d667e8b42e4c0073393abee.js?body=1" for 127.0.0.1 at 2016-10-17 17:21:17 +0200


Started GET "/assets/application.self-3b8dabdc891efe46b9a144b400ad69e37d7e5876bdc39dee783419a69d7ca819.js?body=1" for 127.0.0.1 at 2016-10-17 17:21:17 +0200


Started GET "/actors" for 127.0.0.1 at 2016-10-18 13:37:25 +0200
  [1m[36mActiveRecord::SchemaMigration Load (0.1ms)[0m  [1mSELECT "schema_migrations".* FROM "schema_migrations"[0m
Processing by ActorsController#index as HTML
  [1m[35mActor Load (0.3ms)[0m  SELECT "actors".* FROM "actors"
  Rendered actors/index.html.erb within layouts/application (7.8ms)
Completed 200 OK in 670ms (Views: 645.0ms | ActiveRecord: 0.5ms)


Started GET "/assets/actors.self-e3b0c44298fc1c149afbf4c8996fb92427ae41e4649b934ca495991b7852b855.css?body=1" for 127.0.0.1 at 2016-10-18 13:37:26 +0200


Started GET "/assets/actors.self-877aef30ae1b040ab8a3aba4e3e309a11d7f2612f44dde450b5c157aa5f95c05.js?body=1" for 127.0.0.1 at 2016-10-18 13:37:26 +0200


Started GET "/actors" for 127.0.0.1 at 2016-10-18 13:39:39 +0200
Processing by ActorsController#index as HTML
  [1m[36mActor Load (0.6ms)[0m  [1mSELECT "actors".* FROM "actors"[0m
  Rendered actors/index.html.erb within layouts/application (4.5ms)
Completed 200 OK in 44ms (Views: 29.4ms | ActiveRecord: 0.6ms)


Started GET "/assets/actors.self-e3b0c44298fc1c149afbf4c8996fb92427ae41e4649b934ca495991b7852b855.css?body=1" for 127.0.0.1 at 2016-10-18 13:39:39 +0200


Started GET "/assets/movies.self-e3b0c44298fc1c149afbf4c8996fb92427ae41e4649b934ca495991b7852b855.css?body=1" for 127.0.0.1 at 2016-10-18 13:39:39 +0200


Started GET "/assets/application.self-d0bced5cb0341447cd008b5b11f073b98cf2ec5ed383d7516c8b7d5fb603bfe2.css?body=1" for 127.0.0.1 at 2016-10-18 13:39:39 +0200


Started GET "/assets/jquery.self-bd7ddd393353a8d2480a622e80342adf488fb6006d667e8b42e4c0073393abee.js?body=1" for 127.0.0.1 at 2016-10-18 13:39:39 +0200


Started GET "/assets/jquery_ujs.self-784a997f6726036b1993eb2217c9cb558e1cbb801c6da88105588c56f13b466a.js?body=1" for 127.0.0.1 at 2016-10-18 13:39:39 +0200


Started GET "/assets/turbolinks.self-c5acd7a204f5f25ce7a1d8a0e4d92e28d34c9e2df2c7371cd7af88e147e4ad82.js?body=1" for 127.0.0.1 at 2016-10-18 13:39:39 +0200


Started GET "/assets/actors.self-877aef30ae1b040ab8a3aba4e3e309a11d7f2612f44dde450b5c157aa5f95c05.js?body=1" for 127.0.0.1 at 2016-10-18 13:39:39 +0200


Started GET "/assets/movies.self-877aef30ae1b040ab8a3aba4e3e309a11d7f2612f44dde450b5c157aa5f95c05.js?body=1" for 127.0.0.1 at 2016-10-18 13:39:39 +0200


Started GET "/assets/application.self-3b8dabdc891efe46b9a144b400ad69e37d7e5876bdc39dee783419a69d7ca819.js?body=1" for 127.0.0.1 at 2016-10-18 13:39:39 +0200


Started GET "/movies" for 127.0.0.1 at 2016-10-18 13:41:38 +0200
Processing by MoviesController#index as HTML
  [1m[35mMovie Load (0.2ms)[0m  SELECT "movies".* FROM "movies"
  Rendered movies/index.html.erb within layouts/application (15.8ms)
Completed 200 OK in 52ms (Views: 44.9ms | ActiveRecord: 0.8ms)


Started GET "/movies/10" for 127.0.0.1 at 2016-10-18 13:42:05 +0200
Processing by MoviesController#show as HTML
  Parameters: {"id"=>"10"}
  [1m[36mMovie Load (0.3ms)[0m  [1mSELECT  "movies".* FROM "movies" WHERE "movies"."id" = ? LIMIT 1[0m  [["id", 10]]
  [1m[35mActor Load (0.2ms)[0m  SELECT "actors".* FROM "actors" INNER JOIN "parts" ON "actors"."id" = "parts"."actor_id" WHERE "parts"."movie_id" = ?  [["movie_id", 10]]
  Rendered movies/show.html.erb within layouts/application (32.8ms)
Completed 200 OK in 236ms (Views: 70.6ms | ActiveRecord: 0.6ms)


Started GET "/actors" for 127.0.0.1 at 2016-10-18 13:42:18 +0200
Processing by ActorsController#index as HTML
  [1m[36mActor Load (0.2ms)[0m  [1mSELECT "actors".* FROM "actors"[0m
  Rendered actors/index.html.erb within layouts/application (2.2ms)
Completed 200 OK in 31ms (Views: 30.0ms | ActiveRecord: 0.2ms)
